#
# There is insufficient memory for the Java Runtime Environment to continue.
# Native memory allocation (malloc) failed to allocate 32744 bytes for ChunkPool::allocate
# Possible reasons:
#   The system is out of physical RAM or swap space
#   The process is running with CompressedOops enabled, and the Java Heap may be blocking the growth of the native heap
# Possible solutions:
#   Reduce memory load on the system
#   Increase physical memory or swap space
#   Check if swap backing store is full
#   Decrease Java heap size (-Xmx/-Xms)
#   Decrease number of Java threads
#   Decrease Java thread stack sizes (-Xss)
#   Set larger code cache with -XX:ReservedCodeCacheSize=
#   JVM is running with Zero Based Compressed Oops mode in which the Java heap is
#     placed in the first 32GB address space. The Java Heap base address is the
#     maximum limit for the native heap growth. Please use -XX:HeapBaseMinAddress
#     to set the Java Heap base and to place the Java Heap above 32GB virtual address.
# This output file may be truncated or incomplete.
#
#  Out of Memory Error (t:/workspace/open/src/hotspot/share/memory/arena.cpp:81), pid=14892, tid=16680
#
# JRE version: Java(TM) SE Runtime Environment (11.0+28) (build 11+28)
# Java VM: Java HotSpot(TM) 64-Bit Server VM (11+28, mixed mode, tiered, compressed oops, g1 gc, windows-amd64)
# Core dump will be written. Default location: F:\CrudAS\hs_err_pid14892.mdmp
#

---------------  S U M M A R Y ------------

Command Line: -XX:TieredStopAtLevel=1 -Xverify:none -Dspring.output.ansi.enabled=always -Dcom.sun.management.jmxremote -Dspring.jmx.enabled=true -Dspring.liveBeansView.mbeanDomain -Dspring.application.admin.enabled=true -javaagent:F:\installers\IdeaU\IntelliJ IDEA 2019.1.3\lib\idea_rt.jar=58229:F:\installers\IdeaU\IntelliJ IDEA 2019.1.3\bin -Dfile.encoding=UTF-8 com.api.TestUser.RealPropertyApplication

Host: Intel(R) Core(TM) i5-8400 CPU @ 2.80GHz, 6 cores, 15G,  Windows Server 2012 R2 , 64 bit Build 9600 (6.3.9600.17415)
Time: Thu Jun 27 15:30:15 2019 Oeieyiaey (eaoi) elapsed time: 0 seconds (0d 0h 0m 0s)

---------------  T H R E A D  ---------------

Current thread (0x0000003aa48dc000):  JavaThread "C1 CompilerThread0" daemon [_thread_in_vm, id=16680, stack(0x0000003aa51f0000,0x0000003aa52f0000)]


Current CompileTask:
C1:    735  961       1       java.io.BufferedReader::ensureOpen (18 bytes)

Stack: [0x0000003aa51f0000,0x0000003aa52f0000]
Native frames: (J=compiled Java code, j=interpreted, Vv=VM code, C=native code)
V  [jvm.dll+0x63c22a]
V  [jvm.dll+0x7797ef]
V  [jvm.dll+0x77adda]
V  [jvm.dll+0x77b493]
V  [jvm.dll+0x262818]
V  [jvm.dll+0xc5e9b]
V  [jvm.dll+0xc61fc]
V  [jvm.dll+0x3588fa]
V  [jvm.dll+0x1c8a45]
V  [jvm.dll+0x1b32c8]
V  [jvm.dll+0x22a857]
V  [jvm.dll+0x228fb8]
V  [jvm.dll+0x73f04d]
V  [jvm.dll+0x63b2c2]
C  [ucrtbase.DLL+0x1d885]
C  [KERNEL32.DLL+0x13d2]
C  [ntdll.dll+0x154f4]


---------------  P R O C E S S  ---------------

Threads class SMR info:
_java_thread_list=0x0000003aa5a9bbf0, length=13, elements={
0x0000003affd8c800, 0x0000003aa48b8800, 0x0000003aa48c3000, 0x0000003aa48da000,
0x0000003aa48db000, 0x0000003aa48dc000, 0x0000003aa48dd000, 0x0000003aa4880800,
0x0000003aa4a67000, 0x0000003aa4a6e800, 0x0000003aa5881000, 0x0000003aa5882000,
0x0000003aa5ae4800
}

Java Threads: ( => current thread )
  0x0000003affd8c800 JavaThread "main" [_thread_blocked, id=4688, stack(0x0000003affc20000,0x0000003affd20000)]
  0x0000003aa48b8800 JavaThread "Reference Handler" daemon [_thread_blocked, id=872, stack(0x0000003aa4d00000,0x0000003aa4e00000)]
  0x0000003aa48c3000 JavaThread "Finalizer" daemon [_thread_blocked, id=13004, stack(0x0000003aa4e00000,0x0000003aa4f00000)]
  0x0000003aa48da000 JavaThread "Signal Dispatcher" daemon [_thread_blocked, id=15672, stack(0x0000003aa4ff0000,0x0000003aa50f0000)]
  0x0000003aa48db000 JavaThread "Attach Listener" daemon [_thread_blocked, id=1068, stack(0x0000003aa50f0000,0x0000003aa51f0000)]
=>0x0000003aa48dc000 JavaThread "C1 CompilerThread0" daemon [_thread_in_vm, id=16680, stack(0x0000003aa51f0000,0x0000003aa52f0000)]
  0x0000003aa48dd000 JavaThread "Sweeper thread" daemon [_thread_blocked, id=15872, stack(0x0000003aa52f0000,0x0000003aa53f0000)]
  0x0000003aa4880800 JavaThread "Common-Cleaner" daemon [_thread_blocked, id=4456, stack(0x0000003aa53f0000,0x0000003aa54f0000)]
  0x0000003aa4a67000 JavaThread "C1 CompilerThread1" daemon [_thread_blocked, id=12752, stack(0x0000003aa54f0000,0x0000003aa55f0000)]
  0x0000003aa4a6e800 JavaThread "C1 CompilerThread2" daemon [_thread_blocked, id=3268, stack(0x0000003aa55f0000,0x0000003aa56f0000)]
  0x0000003aa5881000 JavaThread "Monitor Ctrl-Break" daemon [_thread_in_native, id=10912, stack(0x0000003aa5f00000,0x0000003aa6000000)]
  0x0000003aa5882000 JavaThread "Service Thread" daemon [_thread_blocked, id=18348, stack(0x0000003aa6000000,0x0000003aa6100000)]
  0x0000003aa5ae4800 JavaThread "RMI TCP Accept-0" daemon [_thread_in_native, id=7280, stack(0x0000003aa6700000,0x0000003aa6800000)]

Other Threads:
  0x0000003aa488e800 VMThread "VM Thread" [stack: 0x0000003aa4c00000,0x0000003aa4d00000] [id=12080]
  0x0000003aa5ae1800 WatcherThread [stack: 0x0000003aa6a00000,0x0000003aa6b00000] [id=3260]
  0x0000003affda3800 GCTaskThread "GC Thread#0" [stack: 0x0000003a97460000,0x0000003a97560000] [id=15024]
  0x0000003affdfb000 ConcurrentGCThread "G1 Main Marker" [stack: 0x0000003aa13a0000,0x0000003aa14a0000] [id=12448]
  0x0000003affdfc800 ConcurrentGCThread "G1 Conc#0" [stack: 0x0000003aa14a0000,0x0000003aa15a0000] [id=15356]
  0x0000003aa3cf8000 ConcurrentGCThread "G1 Refine#0" [stack: 0x0000003aa3e00000,0x0000003aa3f00000] [id=14300]
  0x0000003aa3cf9000 ConcurrentGCThread "G1 Young RemSet Sampling" [stack: 0x0000003aa3f00000,0x0000003aa4000000] [id=15272]

Threads with active compile tasks:
C1 CompilerThread0 961       1       java.io.BufferedReader::ensureOpen (18 bytes)
C1 CompilerThread1 965       1       java.io.StreamTokenizer::nextToken (1268 bytes)

VM state:synchronizing (normal execution)

VM Mutex/Monitor currently owned by a thread:  ([mutex/lock_event])
[0x0000003affd8c120] Threads_lock - owner thread: 0x0000003aa488e800
[0x0000003affd8baf0] Heap_lock - owner thread: 0x0000003affd8c800

Heap address: 0x0000000702000000, size: 4064 MB, Compressed Oops mode: Zero based, Oop shift amount: 3
Narrow klass base: 0x0000000800000000, Narrow klass shift: 0
Compressed class space size: 1073741824 Address: 0x0000000800000000

Heap:
 garbage-first heap   total 260096K, used 16384K [0x0000000702000000, 0x0000000800000000)
  region size 1024K, 16 young (16384K), 0 survivors (0K)
 Metaspace       used 12025K, capacity 12282K, committed 12416K, reserved 1064960K
  class space    used 1246K, capacity 1334K, committed 1408K, reserved 1048576K
Heap Regions: E=young(eden), S=young(survivor), O=old, HS=humongous(starts), HC=humongous(continues), CS=collection set, F=free, A=archive, TAMS=top-at-mark-start (previous, next)
|   0|0x0000000702000000, 0x0000000702100000, 0x0000000702100000|100%|HS|  |TAMS 0x0000000702000000, 0x0000000702000000| Complete 
|   1|0x0000000702100000, 0x0000000702100000, 0x0000000702200000|  0%| F|  |TAMS 0x0000000702100000, 0x0000000702100000| Untracked 
|   2|0x0000000702200000, 0x0000000702200000, 0x0000000702300000|  0%| F|  |TAMS 0x0000000702200000, 0x0000000702200000| Untracked 
|   3|0x0000000702300000, 0x0000000702300000, 0x0000000702400000|  0%| F|  |TAMS 0x0000000702300000, 0x0000000702300000| Untracked 
|   4|0x0000000702400000, 0x0000000702400000, 0x0000000702500000|  0%| F|  |TAMS 0x0000000702400000, 0x0000000702400000| Untracked 
|   5|0x0000000702500000, 0x0000000702500000, 0x0000000702600000|  0%| F|  |TAMS 0x0000000702500000, 0x0000000702500000| Untracked 
|   6|0x0000000702600000, 0x0000000702600000, 0x0000000702700000|  0%| F|  |TAMS 0x0000000702600000, 0x0000000702600000| Untracked 
|   7|0x0000000702700000, 0x0000000702700000, 0x0000000702800000|  0%| F|  |TAMS 0x0000000702700000, 0x0000000702700000| Untracked 
|   8|0x0000000702800000, 0x0000000702800000, 0x0000000702900000|  0%| F|  |TAMS 0x0000000702800000, 0x0000000702800000| Untracked 
|   9|0x0000000702900000, 0x0000000702900000, 0x0000000702a00000|  0%| F|  |TAMS 0x0000000702900000, 0x0000000702900000| Untracked 
|  10|0x0000000702a00000, 0x0000000702a00000, 0x0000000702b00000|  0%| F|  |TAMS 0x0000000702a00000, 0x0000000702a00000| Untracked 
|  11|0x0000000702b00000, 0x0000000702b00000, 0x0000000702c00000|  0%| F|  |TAMS 0x0000000702b00000, 0x0000000702b00000| Untracked 
|  12|0x0000000702c00000, 0x0000000702c00000, 0x0000000702d00000|  0%| F|  |TAMS 0x0000000702c00000, 0x0000000702c00000| Untracked 
|  13|0x0000000702d00000, 0x0000000702d00000, 0x0000000702e00000|  0%| F|  |TAMS 0x0000000702d00000, 0x0000000702d00000| Untracked 
|  14|0x0000000702e00000, 0x0000000702e00000, 0x0000000702f00000|  0%| F|  |TAMS 0x0000000702e00000, 0x0000000702e00000| Untracked 
|  15|0x0000000702f00000, 0x0000000702f00000, 0x0000000703000000|  0%| F|  |TAMS 0x0000000702f00000, 0x0000000702f00000| Untracked 
|  16|0x0000000703000000, 0x0000000703000000, 0x0000000703100000|  0%| F|  |TAMS 0x0000000703000000, 0x0000000703000000| Untracked 
|  17|0x0000000703100000, 0x0000000703100000, 0x0000000703200000|  0%| F|  |TAMS 0x0000000703100000, 0x0000000703100000| Untracked 
|  18|0x0000000703200000, 0x0000000703200000, 0x0000000703300000|  0%| F|  |TAMS 0x0000000703200000, 0x0000000703200000| Untracked 
|  19|0x0000000703300000, 0x0000000703300000, 0x0000000703400000|  0%| F|  |TAMS 0x0000000703300000, 0x0000000703300000| Untracked 
|  20|0x0000000703400000, 0x0000000703400000, 0x0000000703500000|  0%| F|  |TAMS 0x0000000703400000, 0x0000000703400000| Untracked 
|  21|0x0000000703500000, 0x0000000703500000, 0x0000000703600000|  0%| F|  |TAMS 0x0000000703500000, 0x0000000703500000| Untracked 
|  22|0x0000000703600000, 0x0000000703600000, 0x0000000703700000|  0%| F|  |TAMS 0x0000000703600000, 0x0000000703600000| Untracked 
|  23|0x0000000703700000, 0x0000000703700000, 0x0000000703800000|  0%| F|  |TAMS 0x0000000703700000, 0x0000000703700000| Untracked 
|  24|0x0000000703800000, 0x0000000703800000, 0x0000000703900000|  0%| F|  |TAMS 0x0000000703800000, 0x0000000703800000| Untracked 
|  25|0x0000000703900000, 0x0000000703900000, 0x0000000703a00000|  0%| F|  |TAMS 0x0000000703900000, 0x0000000703900000| Untracked 
|  26|0x0000000703a00000, 0x0000000703a00000, 0x0000000703b00000|  0%| F|  |TAMS 0x0000000703a00000, 0x0000000703a00000| Untracked 
|  27|0x0000000703b00000, 0x0000000703b00000, 0x0000000703c00000|  0%| F|  |TAMS 0x0000000703b00000, 0x0000000703b00000| Untracked 
|  28|0x0000000703c00000, 0x0000000703c00000, 0x0000000703d00000|  0%| F|  |TAMS 0x0000000703c00000, 0x0000000703c00000| Untracked 
|  29|0x0000000703d00000, 0x0000000703d00000, 0x0000000703e00000|  0%| F|  |TAMS 0x0000000703d00000, 0x0000000703d00000| Untracked 
|  30|0x0000000703e00000, 0x0000000703e00000, 0x0000000703f00000|  0%| F|  |TAMS 0x0000000703e00000, 0x0000000703e00000| Untracked 
|  31|0x0000000703f00000, 0x0000000703f00000, 0x0000000704000000|  0%| F|  |TAMS 0x0000000703f00000, 0x0000000703f00000| Untracked 
|  32|0x0000000704000000, 0x0000000704000000, 0x0000000704100000|  0%| F|  |TAMS 0x0000000704000000, 0x0000000704000000| Untracked 
|  33|0x0000000704100000, 0x0000000704100000, 0x0000000704200000|  0%| F|  |TAMS 0x0000000704100000, 0x0000000704100000| Untracked 
|  34|0x0000000704200000, 0x0000000704200000, 0x0000000704300000|  0%| F|  |TAMS 0x0000000704200000, 0x0000000704200000| Untracked 
|  35|0x0000000704300000, 0x0000000704300000, 0x0000000704400000|  0%| F|  |TAMS 0x0000000704300000, 0x0000000704300000| Untracked 
|  36|0x0000000704400000, 0x0000000704400000, 0x0000000704500000|  0%| F|  |TAMS 0x0000000704400000, 0x0000000704400000| Untracked 
|  37|0x0000000704500000, 0x0000000704500000, 0x0000000704600000|  0%| F|  |TAMS 0x0000000704500000, 0x0000000704500000| Untracked 
|  38|0x0000000704600000, 0x0000000704600000, 0x0000000704700000|  0%| F|  |TAMS 0x0000000704600000, 0x0000000704600000| Untracked 
|  39|0x0000000704700000, 0x0000000704700000, 0x0000000704800000|  0%| F|  |TAMS 0x0000000704700000, 0x0000000704700000| Untracked 
|  40|0x0000000704800000, 0x0000000704800000, 0x0000000704900000|  0%| F|  |TAMS 0x0000000704800000, 0x0000000704800000| Untracked 
|  41|0x0000000704900000, 0x0000000704900000, 0x0000000704a00000|  0%| F|  |TAMS 0x0000000704900000, 0x0000000704900000| Untracked 
|  42|0x0000000704a00000, 0x0000000704a00000, 0x0000000704b00000|  0%| F|  |TAMS 0x0000000704a00000, 0x0000000704a00000| Untracked 
|  43|0x0000000704b00000, 0x0000000704b00000, 0x0000000704c00000|  0%| F|  |TAMS 0x0000000704b00000, 0x0000000704b00000| Untracked 
|  44|0x0000000704c00000, 0x0000000704c00000, 0x0000000704d00000|  0%| F|  |TAMS 0x0000000704c00000, 0x0000000704c00000| Untracked 
|  45|0x0000000704d00000, 0x0000000704d00000, 0x0000000704e00000|  0%| F|  |TAMS 0x0000000704d00000, 0x0000000704d00000| Untracked 
|  46|0x0000000704e00000, 0x0000000704e00000, 0x0000000704f00000|  0%| F|  |TAMS 0x0000000704e00000, 0x0000000704e00000| Untracked 
|  47|0x0000000704f00000, 0x0000000704f00000, 0x0000000705000000|  0%| F|  |TAMS 0x0000000704f00000, 0x0000000704f00000| Untracked 
|  48|0x0000000705000000, 0x0000000705000000, 0x0000000705100000|  0%| F|  |TAMS 0x0000000705000000, 0x0000000705000000| Untracked 
|  49|0x0000000705100000, 0x0000000705100000, 0x0000000705200000|  0%| F|  |TAMS 0x0000000705100000, 0x0000000705100000| Untracked 
|  50|0x0000000705200000, 0x0000000705200000, 0x0000000705300000|  0%| F|  |TAMS 0x0000000705200000, 0x0000000705200000| Untracked 
|  51|0x0000000705300000, 0x0000000705300000, 0x0000000705400000|  0%| F|  |TAMS 0x0000000705300000, 0x0000000705300000| Untracked 
|  52|0x0000000705400000, 0x0000000705400000, 0x0000000705500000|  0%| F|  |TAMS 0x0000000705400000, 0x0000000705400000| Untracked 
|  53|0x0000000705500000, 0x0000000705500000, 0x0000000705600000|  0%| F|  |TAMS 0x0000000705500000, 0x0000000705500000| Untracked 
|  54|0x0000000705600000, 0x0000000705600000, 0x0000000705700000|  0%| F|  |TAMS 0x0000000705600000, 0x0000000705600000| Untracked 
|  55|0x0000000705700000, 0x0000000705700000, 0x0000000705800000|  0%| F|  |TAMS 0x0000000705700000, 0x0000000705700000| Untracked 
|  56|0x0000000705800000, 0x0000000705800000, 0x0000000705900000|  0%| F|  |TAMS 0x0000000705800000, 0x0000000705800000| Untracked 
|  57|0x0000000705900000, 0x0000000705900000, 0x0000000705a00000|  0%| F|  |TAMS 0x0000000705900000, 0x0000000705900000| Untracked 
|  58|0x0000000705a00000, 0x0000000705a00000, 0x0000000705b00000|  0%| F|  |TAMS 0x0000000705a00000, 0x0000000705a00000| Untracked 
|  59|0x0000000705b00000, 0x0000000705b00000, 0x0000000705c00000|  0%| F|  |TAMS 0x0000000705b00000, 0x0000000705b00000| Untracked 
|  60|0x0000000705c00000, 0x0000000705c00000, 0x0000000705d00000|  0%| F|  |TAMS 0x0000000705c00000, 0x0000000705c00000| Untracked 
|  61|0x0000000705d00000, 0x0000000705d00000, 0x0000000705e00000|  0%| F|  |TAMS 0x0000000705d00000, 0x0000000705d00000| Untracked 
|  62|0x0000000705e00000, 0x0000000705e00000, 0x0000000705f00000|  0%| F|  |TAMS 0x0000000705e00000, 0x0000000705e00000| Untracked 
|  63|0x0000000705f00000, 0x0000000705f00000, 0x0000000706000000|  0%| F|  |TAMS 0x0000000705f00000, 0x0000000705f00000| Untracked 
|  64|0x0000000706000000, 0x0000000706000000, 0x0000000706100000|  0%| F|  |TAMS 0x0000000706000000, 0x0000000706000000| Untracked 
|  65|0x0000000706100000, 0x0000000706100000, 0x0000000706200000|  0%| F|  |TAMS 0x0000000706100000, 0x0000000706100000| Untracked 
|  66|0x0000000706200000, 0x0000000706200000, 0x0000000706300000|  0%| F|  |TAMS 0x0000000706200000, 0x0000000706200000| Untracked 
|  67|0x0000000706300000, 0x0000000706300000, 0x0000000706400000|  0%| F|  |TAMS 0x0000000706300000, 0x0000000706300000| Untracked 
|  68|0x0000000706400000, 0x0000000706400000, 0x0000000706500000|  0%| F|  |TAMS 0x0000000706400000, 0x0000000706400000| Untracked 
|  69|0x0000000706500000, 0x0000000706500000, 0x0000000706600000|  0%| F|  |TAMS 0x0000000706500000, 0x0000000706500000| Untracked 
|  70|0x0000000706600000, 0x0000000706600000, 0x0000000706700000|  0%| F|  |TAMS 0x0000000706600000, 0x0000000706600000| Untracked 
|  71|0x0000000706700000, 0x0000000706700000, 0x0000000706800000|  0%| F|  |TAMS 0x0000000706700000, 0x0000000706700000| Untracked 
|  72|0x0000000706800000, 0x0000000706800000, 0x0000000706900000|  0%| F|  |TAMS 0x0000000706800000, 0x0000000706800000| Untracked 
|  73|0x0000000706900000, 0x0000000706900000, 0x0000000706a00000|  0%| F|  |TAMS 0x0000000706900000, 0x0000000706900000| Untracked 
|  74|0x0000000706a00000, 0x0000000706a00000, 0x0000000706b00000|  0%| F|  |TAMS 0x0000000706a00000, 0x0000000706a00000| Untracked 
|  75|0x0000000706b00000, 0x0000000706b00000, 0x0000000706c00000|  0%| F|  |TAMS 0x0000000706b00000, 0x0000000706b00000| Untracked 
|  76|0x0000000706c00000, 0x0000000706c00000, 0x0000000706d00000|  0%| F|  |TAMS 0x0000000706c00000, 0x0000000706c00000| Untracked 
|  77|0x0000000706d00000, 0x0000000706d00000, 0x0000000706e00000|  0%| F|  |TAMS 0x0000000706d00000, 0x0000000706d00000| Untracked 
|  78|0x0000000706e00000, 0x0000000706e00000, 0x0000000706f00000|  0%| F|  |TAMS 0x0000000706e00000, 0x0000000706e00000| Untracked 
|  79|0x0000000706f00000, 0x0000000706f00000, 0x0000000707000000|  0%| F|  |TAMS 0x0000000706f00000, 0x0000000706f00000| Untracked 
|  80|0x0000000707000000, 0x0000000707000000, 0x0000000707100000|  0%| F|  |TAMS 0x0000000707000000, 0x0000000707000000| Untracked 
|  81|0x0000000707100000, 0x0000000707100000, 0x0000000707200000|  0%| F|  |TAMS 0x0000000707100000, 0x0000000707100000| Untracked 
|  82|0x0000000707200000, 0x0000000707200000, 0x0000000707300000|  0%| F|  |TAMS 0x0000000707200000, 0x0000000707200000| Untracked 
|  83|0x0000000707300000, 0x0000000707300000, 0x0000000707400000|  0%| F|  |TAMS 0x0000000707300000, 0x0000000707300000| Untracked 
|  84|0x0000000707400000, 0x0000000707400000, 0x0000000707500000|  0%| F|  |TAMS 0x0000000707400000, 0x0000000707400000| Untracked 
|  85|0x0000000707500000, 0x0000000707500000, 0x0000000707600000|  0%| F|  |TAMS 0x0000000707500000, 0x0000000707500000| Untracked 
|  86|0x0000000707600000, 0x0000000707600000, 0x0000000707700000|  0%| F|  |TAMS 0x0000000707600000, 0x0000000707600000| Untracked 
|  87|0x0000000707700000, 0x0000000707700000, 0x0000000707800000|  0%| F|  |TAMS 0x0000000707700000, 0x0000000707700000| Untracked 
|  88|0x0000000707800000, 0x0000000707800000, 0x0000000707900000|  0%| F|  |TAMS 0x0000000707800000, 0x0000000707800000| Untracked 
|  89|0x0000000707900000, 0x0000000707900000, 0x0000000707a00000|  0%| F|  |TAMS 0x0000000707900000, 0x0000000707900000| Untracked 
|  90|0x0000000707a00000, 0x0000000707a00000, 0x0000000707b00000|  0%| F|  |TAMS 0x0000000707a00000, 0x0000000707a00000| Untracked 
|  91|0x0000000707b00000, 0x0000000707b00000, 0x0000000707c00000|  0%| F|  |TAMS 0x0000000707b00000, 0x0000000707b00000| Untracked 
|  92|0x0000000707c00000, 0x0000000707c00000, 0x0000000707d00000|  0%| F|  |TAMS 0x0000000707c00000, 0x0000000707c00000| Untracked 
|  93|0x0000000707d00000, 0x0000000707d00000, 0x0000000707e00000|  0%| F|  |TAMS 0x0000000707d00000, 0x0000000707d00000| Untracked 
|  94|0x0000000707e00000, 0x0000000707e00000, 0x0000000707f00000|  0%| F|  |TAMS 0x0000000707e00000, 0x0000000707e00000| Untracked 
|  95|0x0000000707f00000, 0x0000000707f00000, 0x0000000708000000|  0%| F|  |TAMS 0x0000000707f00000, 0x0000000707f00000| Untracked 
|  96|0x0000000708000000, 0x0000000708000000, 0x0000000708100000|  0%| F|  |TAMS 0x0000000708000000, 0x0000000708000000| Untracked 
|  97|0x0000000708100000, 0x0000000708100000, 0x0000000708200000|  0%| F|  |TAMS 0x0000000708100000, 0x0000000708100000| Untracked 
|  98|0x0000000708200000, 0x0000000708200000, 0x0000000708300000|  0%| F|  |TAMS 0x0000000708200000, 0x0000000708200000| Untracked 
|  99|0x0000000708300000, 0x0000000708300000, 0x0000000708400000|  0%| F|  |TAMS 0x0000000708300000, 0x0000000708300000| Untracked 
| 100|0x0000000708400000, 0x0000000708400000, 0x0000000708500000|  0%| F|  |TAMS 0x0000000708400000, 0x0000000708400000| Untracked 
| 101|0x0000000708500000, 0x0000000708500000, 0x0000000708600000|  0%| F|  |TAMS 0x0000000708500000, 0x0000000708500000| Untracked 
| 102|0x0000000708600000, 0x0000000708600000, 0x0000000708700000|  0%| F|  |TAMS 0x0000000708600000, 0x0000000708600000| Untracked 
| 103|0x0000000708700000, 0x0000000708700000, 0x0000000708800000|  0%| F|  |TAMS 0x0000000708700000, 0x0000000708700000| Untracked 
| 104|0x0000000708800000, 0x0000000708800000, 0x0000000708900000|  0%| F|  |TAMS 0x0000000708800000, 0x0000000708800000| Untracked 
| 105|0x0000000708900000, 0x0000000708900000, 0x0000000708a00000|  0%| F|  |TAMS 0x0000000708900000, 0x0000000708900000| Untracked 
| 106|0x0000000708a00000, 0x0000000708a00000, 0x0000000708b00000|  0%| F|  |TAMS 0x0000000708a00000, 0x0000000708a00000| Untracked 
| 107|0x0000000708b00000, 0x0000000708b00000, 0x0000000708c00000|  0%| F|  |TAMS 0x0000000708b00000, 0x0000000708b00000| Untracked 
| 108|0x0000000708c00000, 0x0000000708c00000, 0x0000000708d00000|  0%| F|  |TAMS 0x0000000708c00000, 0x0000000708c00000| Untracked 
| 109|0x0000000708d00000, 0x0000000708d00000, 0x0000000708e00000|  0%| F|  |TAMS 0x0000000708d00000, 0x0000000708d00000| Untracked 
| 110|0x0000000708e00000, 0x0000000708e00000, 0x0000000708f00000|  0%| F|  |TAMS 0x0000000708e00000, 0x0000000708e00000| Untracked 
| 111|0x0000000708f00000, 0x0000000708f00000, 0x0000000709000000|  0%| F|  |TAMS 0x0000000708f00000, 0x0000000708f00000| Untracked 
| 112|0x0000000709000000, 0x0000000709000000, 0x0000000709100000|  0%| F|  |TAMS 0x0000000709000000, 0x0000000709000000| Untracked 
| 113|0x0000000709100000, 0x0000000709100000, 0x0000000709200000|  0%| F|  |TAMS 0x0000000709100000, 0x0000000709100000| Untracked 
| 114|0x0000000709200000, 0x0000000709200000, 0x0000000709300000|  0%| F|  |TAMS 0x0000000709200000, 0x0000000709200000| Untracked 
| 115|0x0000000709300000, 0x0000000709300000, 0x0000000709400000|  0%| F|  |TAMS 0x0000000709300000, 0x0000000709300000| Untracked 
| 116|0x0000000709400000, 0x0000000709400000, 0x0000000709500000|  0%| F|  |TAMS 0x0000000709400000, 0x0000000709400000| Untracked 
| 117|0x0000000709500000, 0x0000000709500000, 0x0000000709600000|  0%| F|  |TAMS 0x0000000709500000, 0x0000000709500000| Untracked 
| 118|0x0000000709600000, 0x0000000709600000, 0x0000000709700000|  0%| F|  |TAMS 0x0000000709600000, 0x0000000709600000| Untracked 
| 119|0x0000000709700000, 0x0000000709700000, 0x0000000709800000|  0%| F|  |TAMS 0x0000000709700000, 0x0000000709700000| Untracked 
| 120|0x0000000709800000, 0x0000000709800000, 0x0000000709900000|  0%| F|  |TAMS 0x0000000709800000, 0x0000000709800000| Untracked 
| 121|0x0000000709900000, 0x0000000709900000, 0x0000000709a00000|  0%| F|  |TAMS 0x0000000709900000, 0x0000000709900000| Untracked 
| 122|0x0000000709a00000, 0x0000000709a00000, 0x0000000709b00000|  0%| F|  |TAMS 0x0000000709a00000, 0x0000000709a00000| Untracked 
| 123|0x0000000709b00000, 0x0000000709b00000, 0x0000000709c00000|  0%| F|  |TAMS 0x0000000709b00000, 0x0000000709b00000| Untracked 
| 124|0x0000000709c00000, 0x0000000709c00000, 0x0000000709d00000|  0%| F|  |TAMS 0x0000000709c00000, 0x0000000709c00000| Untracked 
| 125|0x0000000709d00000, 0x0000000709d00000, 0x0000000709e00000|  0%| F|  |TAMS 0x0000000709d00000, 0x0000000709d00000| Untracked 
| 126|0x0000000709e00000, 0x0000000709e00000, 0x0000000709f00000|  0%| F|  |TAMS 0x0000000709e00000, 0x0000000709e00000| Untracked 
| 127|0x0000000709f00000, 0x0000000709f00000, 0x000000070a000000|  0%| F|  |TAMS 0x0000000709f00000, 0x0000000709f00000| Untracked 
| 128|0x000000070a000000, 0x000000070a000000, 0x000000070a100000|  0%| F|  |TAMS 0x000000070a000000, 0x000000070a000000| Untracked 
| 129|0x000000070a100000, 0x000000070a100000, 0x000000070a200000|  0%| F|  |TAMS 0x000000070a100000, 0x000000070a100000| Untracked 
| 130|0x000000070a200000, 0x000000070a200000, 0x000000070a300000|  0%| F|  |TAMS 0x000000070a200000, 0x000000070a200000| Untracked 
| 131|0x000000070a300000, 0x000000070a300000, 0x000000070a400000|  0%| F|  |TAMS 0x000000070a300000, 0x000000070a300000| Untracked 
| 132|0x000000070a400000, 0x000000070a400000, 0x000000070a500000|  0%| F|  |TAMS 0x000000070a400000, 0x000000070a400000| Untracked 
| 133|0x000000070a500000, 0x000000070a500000, 0x000000070a600000|  0%| F|  |TAMS 0x000000070a500000, 0x000000070a500000| Untracked 
| 134|0x000000070a600000, 0x000000070a600000, 0x000000070a700000|  0%| F|  |TAMS 0x000000070a600000, 0x000000070a600000| Untracked 
| 135|0x000000070a700000, 0x000000070a700000, 0x000000070a800000|  0%| F|  |TAMS 0x000000070a700000, 0x000000070a700000| Untracked 
| 136|0x000000070a800000, 0x000000070a800000, 0x000000070a900000|  0%| F|  |TAMS 0x000000070a800000, 0x000000070a800000| Untracked 
| 137|0x000000070a900000, 0x000000070a900000, 0x000000070aa00000|  0%| F|  |TAMS 0x000000070a900000, 0x000000070a900000| Untracked 
| 138|0x000000070aa00000, 0x000000070aa00000, 0x000000070ab00000|  0%| F|  |TAMS 0x000000070aa00000, 0x000000070aa00000| Untracked 
| 139|0x000000070ab00000, 0x000000070ab00000, 0x000000070ac00000|  0%| F|  |TAMS 0x000000070ab00000, 0x000000070ab00000| Untracked 
| 140|0x000000070ac00000, 0x000000070ac00000, 0x000000070ad00000|  0%| F|  |TAMS 0x000000070ac00000, 0x000000070ac00000| Untracked 
| 141|0x000000070ad00000, 0x000000070ad00000, 0x000000070ae00000|  0%| F|  |TAMS 0x000000070ad00000, 0x000000070ad00000| Untracked 
| 142|0x000000070ae00000, 0x000000070ae00000, 0x000000070af00000|  0%| F|  |TAMS 0x000000070ae00000, 0x000000070ae00000| Untracked 
| 143|0x000000070af00000, 0x000000070af00000, 0x000000070b000000|  0%| F|  |TAMS 0x000000070af00000, 0x000000070af00000| Untracked 
| 144|0x000000070b000000, 0x000000070b000000, 0x000000070b100000|  0%| F|  |TAMS 0x000000070b000000, 0x000000070b000000| Untracked 
| 145|0x000000070b100000, 0x000000070b100000, 0x000000070b200000|  0%| F|  |TAMS 0x000000070b100000, 0x000000070b100000| Untracked 
| 146|0x000000070b200000, 0x000000070b200000, 0x000000070b300000|  0%| F|  |TAMS 0x000000070b200000, 0x000000070b200000| Untracked 
| 147|0x000000070b300000, 0x000000070b300000, 0x000000070b400000|  0%| F|  |TAMS 0x000000070b300000, 0x000000070b300000| Untracked 
| 148|0x000000070b400000, 0x000000070b400000, 0x000000070b500000|  0%| F|  |TAMS 0x000000070b400000, 0x000000070b400000| Untracked 
| 149|0x000000070b500000, 0x000000070b500000, 0x000000070b600000|  0%| F|  |TAMS 0x000000070b500000, 0x000000070b500000| Untracked 
| 150|0x000000070b600000, 0x000000070b600000, 0x000000070b700000|  0%| F|  |TAMS 0x000000070b600000, 0x000000070b600000| Untracked 
| 151|0x000000070b700000, 0x000000070b700000, 0x000000070b800000|  0%| F|  |TAMS 0x000000070b700000, 0x000000070b700000| Untracked 
| 152|0x000000070b800000, 0x000000070b800000, 0x000000070b900000|  0%| F|  |TAMS 0x000000070b800000, 0x000000070b800000| Untracked 
| 153|0x000000070b900000, 0x000000070b900000, 0x000000070ba00000|  0%| F|  |TAMS 0x000000070b900000, 0x000000070b900000| Untracked 
| 154|0x000000070ba00000, 0x000000070ba00000, 0x000000070bb00000|  0%| F|  |TAMS 0x000000070ba00000, 0x000000070ba00000| Untracked 
| 155|0x000000070bb00000, 0x000000070bb00000, 0x000000070bc00000|  0%| F|  |TAMS 0x000000070bb00000, 0x000000070bb00000| Untracked 
| 156|0x000000070bc00000, 0x000000070bc00000, 0x000000070bd00000|  0%| F|  |TAMS 0x000000070bc00000, 0x000000070bc00000| Untracked 
| 157|0x000000070bd00000, 0x000000070bd00000, 0x000000070be00000|  0%| F|  |TAMS 0x000000070bd00000, 0x000000070bd00000| Untracked 
| 158|0x000000070be00000, 0x000000070be00000, 0x000000070bf00000|  0%| F|  |TAMS 0x000000070be00000, 0x000000070be00000| Untracked 
| 159|0x000000070bf00000, 0x000000070bf00000, 0x000000070c000000|  0%| F|  |TAMS 0x000000070bf00000, 0x000000070bf00000| Untracked 
| 160|0x000000070c000000, 0x000000070c000000, 0x000000070c100000|  0%| F|  |TAMS 0x000000070c000000, 0x000000070c000000| Untracked 
| 161|0x000000070c100000, 0x000000070c100000, 0x000000070c200000|  0%| F|  |TAMS 0x000000070c100000, 0x000000070c100000| Untracked 
| 162|0x000000070c200000, 0x000000070c200000, 0x000000070c300000|  0%| F|  |TAMS 0x000000070c200000, 0x000000070c200000| Untracked 
| 163|0x000000070c300000, 0x000000070c300000, 0x000000070c400000|  0%| F|  |TAMS 0x000000070c300000, 0x000000070c300000| Untracked 
| 164|0x000000070c400000, 0x000000070c400000, 0x000000070c500000|  0%| F|  |TAMS 0x000000070c400000, 0x000000070c400000| Untracked 
| 165|0x000000070c500000, 0x000000070c500000, 0x000000070c600000|  0%| F|  |TAMS 0x000000070c500000, 0x000000070c500000| Untracked 
| 166|0x000000070c600000, 0x000000070c600000, 0x000000070c700000|  0%| F|  |TAMS 0x000000070c600000, 0x000000070c600000| Untracked 
| 167|0x000000070c700000, 0x000000070c700000, 0x000000070c800000|  0%| F|  |TAMS 0x000000070c700000, 0x000000070c700000| Untracked 
| 168|0x000000070c800000, 0x000000070c800000, 0x000000070c900000|  0%| F|  |TAMS 0x000000070c800000, 0x000000070c800000| Untracked 
| 169|0x000000070c900000, 0x000000070c900000, 0x000000070ca00000|  0%| F|  |TAMS 0x000000070c900000, 0x000000070c900000| Untracked 
| 170|0x000000070ca00000, 0x000000070ca00000, 0x000000070cb00000|  0%| F|  |TAMS 0x000000070ca00000, 0x000000070ca00000| Untracked 
| 171|0x000000070cb00000, 0x000000070cb00000, 0x000000070cc00000|  0%| F|  |TAMS 0x000000070cb00000, 0x000000070cb00000| Untracked 
| 172|0x000000070cc00000, 0x000000070cc00000, 0x000000070cd00000|  0%| F|  |TAMS 0x000000070cc00000, 0x000000070cc00000| Untracked 
| 173|0x000000070cd00000, 0x000000070cd00000, 0x000000070ce00000|  0%| F|  |TAMS 0x000000070cd00000, 0x000000070cd00000| Untracked 
| 174|0x000000070ce00000, 0x000000070ce00000, 0x000000070cf00000|  0%| F|  |TAMS 0x000000070ce00000, 0x000000070ce00000| Untracked 
| 175|0x000000070cf00000, 0x000000070cf00000, 0x000000070d000000|  0%| F|  |TAMS 0x000000070cf00000, 0x000000070cf00000| Untracked 
| 176|0x000000070d000000, 0x000000070d000000, 0x000000070d100000|  0%| F|  |TAMS 0x000000070d000000, 0x000000070d000000| Untracked 
| 177|0x000000070d100000, 0x000000070d100000, 0x000000070d200000|  0%| F|  |TAMS 0x000000070d100000, 0x000000070d100000| Untracked 
| 178|0x000000070d200000, 0x000000070d200000, 0x000000070d300000|  0%| F|  |TAMS 0x000000070d200000, 0x000000070d200000| Untracked 
| 179|0x000000070d300000, 0x000000070d300000, 0x000000070d400000|  0%| F|  |TAMS 0x000000070d300000, 0x000000070d300000| Untracked 
| 180|0x000000070d400000, 0x000000070d400000, 0x000000070d500000|  0%| F|  |TAMS 0x000000070d400000, 0x000000070d400000| Untracked 
| 181|0x000000070d500000, 0x000000070d500000, 0x000000070d600000|  0%| F|  |TAMS 0x000000070d500000, 0x000000070d500000| Untracked 
| 182|0x000000070d600000, 0x000000070d600000, 0x000000070d700000|  0%| F|  |TAMS 0x000000070d600000, 0x000000070d600000| Untracked 
| 183|0x000000070d700000, 0x000000070d700000, 0x000000070d800000|  0%| F|  |TAMS 0x000000070d700000, 0x000000070d700000| Untracked 
| 184|0x000000070d800000, 0x000000070d800000, 0x000000070d900000|  0%| F|  |TAMS 0x000000070d800000, 0x000000070d800000| Untracked 
| 185|0x000000070d900000, 0x000000070d900000, 0x000000070da00000|  0%| F|  |TAMS 0x000000070d900000, 0x000000070d900000| Untracked 
| 186|0x000000070da00000, 0x000000070da00000, 0x000000070db00000|  0%| F|  |TAMS 0x000000070da00000, 0x000000070da00000| Untracked 
| 187|0x000000070db00000, 0x000000070db00000, 0x000000070dc00000|  0%| F|  |TAMS 0x000000070db00000, 0x000000070db00000| Untracked 
| 188|0x000000070dc00000, 0x000000070dc00000, 0x000000070dd00000|  0%| F|  |TAMS 0x000000070dc00000, 0x000000070dc00000| Untracked 
| 189|0x000000070dd00000, 0x000000070dd00000, 0x000000070de00000|  0%| F|  |TAMS 0x000000070dd00000, 0x000000070dd00000| Untracked 
| 190|0x000000070de00000, 0x000000070de00000, 0x000000070df00000|  0%| F|  |TAMS 0x000000070de00000, 0x000000070de00000| Untracked 
| 191|0x000000070df00000, 0x000000070df00000, 0x000000070e000000|  0%| F|  |TAMS 0x000000070df00000, 0x000000070df00000| Untracked 
| 192|0x000000070e000000, 0x000000070e000000, 0x000000070e100000|  0%| F|  |TAMS 0x000000070e000000, 0x000000070e000000| Untracked 
| 193|0x000000070e100000, 0x000000070e100000, 0x000000070e200000|  0%| F|  |TAMS 0x000000070e100000, 0x000000070e100000| Untracked 
| 194|0x000000070e200000, 0x000000070e200000, 0x000000070e300000|  0%| F|  |TAMS 0x000000070e200000, 0x000000070e200000| Untracked 
| 195|0x000000070e300000, 0x000000070e300000, 0x000000070e400000|  0%| F|  |TAMS 0x000000070e300000, 0x000000070e300000| Untracked 
| 196|0x000000070e400000, 0x000000070e400000, 0x000000070e500000|  0%| F|  |TAMS 0x000000070e400000, 0x000000070e400000| Untracked 
| 197|0x000000070e500000, 0x000000070e500000, 0x000000070e600000|  0%| F|  |TAMS 0x000000070e500000, 0x000000070e500000| Untracked 
| 198|0x000000070e600000, 0x000000070e600000, 0x000000070e700000|  0%| F|  |TAMS 0x000000070e600000, 0x000000070e600000| Untracked 
| 199|0x000000070e700000, 0x000000070e700000, 0x000000070e800000|  0%| F|  |TAMS 0x000000070e700000, 0x000000070e700000| Untracked 
| 200|0x000000070e800000, 0x000000070e800000, 0x000000070e900000|  0%| F|  |TAMS 0x000000070e800000, 0x000000070e800000| Untracked 
| 201|0x000000070e900000, 0x000000070e900000, 0x000000070ea00000|  0%| F|  |TAMS 0x000000070e900000, 0x000000070e900000| Untracked 
| 202|0x000000070ea00000, 0x000000070ea00000, 0x000000070eb00000|  0%| F|  |TAMS 0x000000070ea00000, 0x000000070ea00000| Untracked 
| 203|0x000000070eb00000, 0x000000070eb00000, 0x000000070ec00000|  0%| F|  |TAMS 0x000000070eb00000, 0x000000070eb00000| Untracked 
| 204|0x000000070ec00000, 0x000000070ec00000, 0x000000070ed00000|  0%| F|  |TAMS 0x000000070ec00000, 0x000000070ec00000| Untracked 
| 205|0x000000070ed00000, 0x000000070ed00000, 0x000000070ee00000|  0%| F|  |TAMS 0x000000070ed00000, 0x000000070ed00000| Untracked 
| 206|0x000000070ee00000, 0x000000070ee00000, 0x000000070ef00000|  0%| F|  |TAMS 0x000000070ee00000, 0x000000070ee00000| Untracked 
| 207|0x000000070ef00000, 0x000000070ef00000, 0x000000070f000000|  0%| F|  |TAMS 0x000000070ef00000, 0x000000070ef00000| Untracked 
| 208|0x000000070f000000, 0x000000070f000000, 0x000000070f100000|  0%| F|  |TAMS 0x000000070f000000, 0x000000070f000000| Untracked 
| 209|0x000000070f100000, 0x000000070f100000, 0x000000070f200000|  0%| F|  |TAMS 0x000000070f100000, 0x000000070f100000| Untracked 
| 210|0x000000070f200000, 0x000000070f200000, 0x000000070f300000|  0%| F|  |TAMS 0x000000070f200000, 0x000000070f200000| Untracked 
| 211|0x000000070f300000, 0x000000070f300000, 0x000000070f400000|  0%| F|  |TAMS 0x000000070f300000, 0x000000070f300000| Untracked 
| 212|0x000000070f400000, 0x000000070f400000, 0x000000070f500000|  0%| F|  |TAMS 0x000000070f400000, 0x000000070f400000| Untracked 
| 213|0x000000070f500000, 0x000000070f500000, 0x000000070f600000|  0%| F|  |TAMS 0x000000070f500000, 0x000000070f500000| Untracked 
| 214|0x000000070f600000, 0x000000070f600000, 0x000000070f700000|  0%| F|  |TAMS 0x000000070f600000, 0x000000070f600000| Untracked 
| 215|0x000000070f700000, 0x000000070f700000, 0x000000070f800000|  0%| F|  |TAMS 0x000000070f700000, 0x000000070f700000| Untracked 
| 216|0x000000070f800000, 0x000000070f800000, 0x000000070f900000|  0%| F|  |TAMS 0x000000070f800000, 0x000000070f800000| Untracked 
| 217|0x000000070f900000, 0x000000070f900000, 0x000000070fa00000|  0%| F|  |TAMS 0x000000070f900000, 0x000000070f900000| Untracked 
| 218|0x000000070fa00000, 0x000000070fa00000, 0x000000070fb00000|  0%| F|  |TAMS 0x000000070fa00000, 0x000000070fa00000| Untracked 
| 219|0x000000070fb00000, 0x000000070fb00000, 0x000000070fc00000|  0%| F|  |TAMS 0x000000070fb00000, 0x000000070fb00000| Untracked 
| 220|0x000000070fc00000, 0x000000070fc00000, 0x000000070fd00000|  0%| F|  |TAMS 0x000000070fc00000, 0x000000070fc00000| Untracked 
| 221|0x000000070fd00000, 0x000000070fd00000, 0x000000070fe00000|  0%| F|  |TAMS 0x000000070fd00000, 0x000000070fd00000| Untracked 
| 222|0x000000070fe00000, 0x000000070fe00000, 0x000000070ff00000|  0%| F|  |TAMS 0x000000070fe00000, 0x000000070fe00000| Untracked 
| 223|0x000000070ff00000, 0x000000070ff00000, 0x0000000710000000|  0%| F|  |TAMS 0x000000070ff00000, 0x000000070ff00000| Untracked 
| 224|0x0000000710000000, 0x0000000710000000, 0x0000000710100000|  0%| F|  |TAMS 0x0000000710000000, 0x0000000710000000| Untracked 
| 225|0x0000000710100000, 0x0000000710100000, 0x0000000710200000|  0%| F|  |TAMS 0x0000000710100000, 0x0000000710100000| Untracked 
| 226|0x0000000710200000, 0x0000000710200000, 0x0000000710300000|  0%| F|  |TAMS 0x0000000710200000, 0x0000000710200000| Untracked 
| 227|0x0000000710300000, 0x0000000710300000, 0x0000000710400000|  0%| F|  |TAMS 0x0000000710300000, 0x0000000710300000| Untracked 
| 228|0x0000000710400000, 0x0000000710400000, 0x0000000710500000|  0%| F|  |TAMS 0x0000000710400000, 0x0000000710400000| Untracked 
| 229|0x0000000710500000, 0x0000000710500000, 0x0000000710600000|  0%| F|  |TAMS 0x0000000710500000, 0x0000000710500000| Untracked 
| 230|0x0000000710600000, 0x0000000710600000, 0x0000000710700000|  0%| F|  |TAMS 0x0000000710600000, 0x0000000710600000| Untracked 
| 231|0x0000000710700000, 0x0000000710700000, 0x0000000710800000|  0%| F|  |TAMS 0x0000000710700000, 0x0000000710700000| Untracked 
| 232|0x0000000710800000, 0x0000000710800000, 0x0000000710900000|  0%| F|  |TAMS 0x0000000710800000, 0x0000000710800000| Untracked 
| 233|0x0000000710900000, 0x0000000710900000, 0x0000000710a00000|  0%| F|  |TAMS 0x0000000710900000, 0x0000000710900000| Untracked 
| 234|0x0000000710a00000, 0x0000000710a00000, 0x0000000710b00000|  0%| F|  |TAMS 0x0000000710a00000, 0x0000000710a00000| Untracked 
| 235|0x0000000710b00000, 0x0000000710b00000, 0x0000000710c00000|  0%| F|  |TAMS 0x0000000710b00000, 0x0000000710b00000| Untracked 
| 236|0x0000000710c00000, 0x0000000710c00000, 0x0000000710d00000|  0%| F|  |TAMS 0x0000000710c00000, 0x0000000710c00000| Untracked 
| 237|0x0000000710d00000, 0x0000000710d00000, 0x0000000710e00000|  0%| F|  |TAMS 0x0000000710d00000, 0x0000000710d00000| Untracked 
| 238|0x0000000710e00000, 0x0000000710e71258, 0x0000000710f00000| 44%| E|  |TAMS 0x0000000710e00000, 0x0000000710e00000| Complete 
| 239|0x0000000710f00000, 0x0000000711000000, 0x0000000711000000|100%| E|CS|TAMS 0x0000000710f00000, 0x0000000710f00000| Complete 
| 240|0x0000000711000000, 0x0000000711100000, 0x0000000711100000|100%| E|CS|TAMS 0x0000000711000000, 0x0000000711000000| Complete 
| 241|0x0000000711100000, 0x0000000711200000, 0x0000000711200000|100%| E|CS|TAMS 0x0000000711100000, 0x0000000711100000| Complete 
| 242|0x0000000711200000, 0x0000000711300000, 0x0000000711300000|100%| E|CS|TAMS 0x0000000711200000, 0x0000000711200000| Complete 
| 243|0x0000000711300000, 0x0000000711400000, 0x0000000711400000|100%| E|CS|TAMS 0x0000000711300000, 0x0000000711300000| Complete 
| 244|0x0000000711400000, 0x0000000711500000, 0x0000000711500000|100%| E|CS|TAMS 0x0000000711400000, 0x0000000711400000| Complete 
| 245|0x0000000711500000, 0x0000000711600000, 0x0000000711600000|100%| E|CS|TAMS 0x0000000711500000, 0x0000000711500000| Complete 
| 246|0x0000000711600000, 0x0000000711700000, 0x0000000711700000|100%| E|CS|TAMS 0x0000000711600000, 0x0000000711600000| Complete 
| 247|0x0000000711700000, 0x0000000711800000, 0x0000000711800000|100%| E|CS|TAMS 0x0000000711700000, 0x0000000711700000| Complete 
| 248|0x0000000711800000, 0x0000000711900000, 0x0000000711900000|100%| E|CS|TAMS 0x0000000711800000, 0x0000000711800000| Complete 
| 249|0x0000000711900000, 0x0000000711a00000, 0x0000000711a00000|100%| E|CS|TAMS 0x0000000711900000, 0x0000000711900000| Complete 
| 250|0x0000000711a00000, 0x0000000711b00000, 0x0000000711b00000|100%| E|CS|TAMS 0x0000000711a00000, 0x0000000711a00000| Complete 
| 251|0x0000000711b00000, 0x0000000711c00000, 0x0000000711c00000|100%| E|CS|TAMS 0x0000000711b00000, 0x0000000711b00000| Complete 
| 252|0x0000000711c00000, 0x0000000711d00000, 0x0000000711d00000|100%| E|CS|TAMS 0x0000000711c00000, 0x0000000711c00000| Complete 
| 253|0x0000000711d00000, 0x0000000711e00000, 0x0000000711e00000|100%| E|CS|TAMS 0x0000000711d00000, 0x0000000711d00000| Complete 

Card table byte_map: [0x0000003a983b0000,0x0000003a98ba0000] _byte_map_base: 0x0000003a94ba0000

Marking Bits (Prev, Next): (CMBitMap*) 0x0000003afe4fe8e8, (CMBitMap*) 0x0000003afe4fe920
 Prev Bits: [0x0000003a99390000, 0x0000003a9d310000)
 Next Bits: [0x0000003a9d310000, 0x0000003aa1290000)

Polling page: 0x0000003a80000000

Metaspace:

Usage:
  Non-class:     10.69 MB capacity,    10.53 MB ( 98%) used,   144.49 KB (  1%) free+waste,    25.19 KB ( <1%) overhead. 
      Class:      1.30 MB capacity,     1.22 MB ( 93%) used,    74.60 KB (  6%) free+waste,    12.44 KB ( <1%) overhead. 
       Both:     11.99 MB capacity,    11.74 MB ( 98%) used,   219.09 KB (  2%) free+waste,    37.63 KB ( <1%) overhead. 

Virtual space:
  Non-class space:       16.00 MB reserved,      10.75 MB ( 67%) committed 
      Class space:        1.00 GB reserved,       1.38 MB ( <1%) committed 
             Both:        1.02 GB reserved,      12.13 MB (  1%) committed 

Chunk freelists:
   Non-Class:  7.50 KB
       Class:  1.25 KB
        Both:  8.75 KB

CodeHeap 'non-profiled nmethods': size=238912Kb used=1356Kb max_used=1356Kb free=237556Kb
 bounds [0x0000003a88920000, 0x0000003a88b90000, 0x0000003a97270000]
CodeHeap 'non-nmethods': size=6848Kb used=2224Kb max_used=2224Kb free=4623Kb
 bounds [0x0000003a88270000, 0x0000003a884e0000, 0x0000003a88920000]
 total_blobs=1375 nmethods=967 adapters=316
 compilation: enabled
              stopped_count=0, restarted_count=0
 full_count=0

Compilation events (10 events):
Event: 0.690 Thread 0x0000003aa4a67000 nmethod 964 0x0000003a88a6ed90 code [0x0000003a88a6ef40, 0x0000003a88a6f110]
Event: 0.690 Thread 0x0000003aa4a67000  965       1       java.io.StreamTokenizer::nextToken (1268 bytes)
Event: 0.690 Thread 0x0000003aa4a6e800  966       1       sun.security.provider.PolicyParser::peek (177 bytes)
Event: 0.690 Thread 0x0000003aa4a6e800 nmethod 966 0x0000003a88a6f210 code [0x0000003a88a6f420, 0x0000003a88a6f790]
Event: 0.690 Thread 0x0000003aa4a6e800  967       1       sun.security.provider.PolicyParser::match (766 bytes)
Event: 0.691 Thread 0x0000003aa4a6e800 nmethod 967 0x0000003a88a6f990 code [0x0000003a88a6fee0, 0x0000003a88a717d0]
Event: 0.691 Thread 0x0000003aa4a6e800  968       1       java.lang.String::copyValueOf (11 bytes)
Event: 0.691 Thread 0x0000003aa4a6e800 nmethod 968 0x0000003a88a72790 code [0x0000003a88a72960, 0x0000003a88a72b60]
Event: 0.691 Thread 0x0000003aa4a6e800  969       1       java.security.CodeSource::getLocation (5 bytes)
Event: 0.691 Thread 0x0000003aa4a6e800 nmethod 969 0x0000003a88a72c90 code [0x0000003a88a72e40, 0x0000003a88a72f58]

GC Heap History (0 events):
No events

Deoptimization events (0 events):
No events

Classes redefined (0 events):
No events

Internal exceptions (10 events):
Event: 0.481 Thread 0x0000003affd8c800 Exception <a 'java/lang/NoSuchMethodError'{0x000000071152f098}: java.lang.invoke.DirectMethodHandle$Holder.invokeStatic(Ljava/lang/Object;Ljava/lang/Object;Ljava/lang/Object;Ljava/lang/Object;Ljava/lang/Object;Ljava/lang/Object;Ljava/lang/Object;Ljava/lan
Event: 0.483 Thread 0x0000003affd8c800 Exception <a 'java/lang/NoSuchMethodError'{0x000000071154d488}: java.lang.invoke.DirectMethodHandle$Holder.invokeStatic(Ljava/lang/Object;Ljava/lang/Object;Ljava/lang/Object;Ljava/lang/Object;Ljava/lang/Object;Ljava/lang/Object;Ljava/lang/Object;Ljava/lan
Event: 0.486 Thread 0x0000003affd8c800 Exception <a 'java/lang/NoSuchMethodError'{0x000000071156c7e8}: java.lang.invoke.DirectMethodHandle$Holder.invokeStatic(Ljava/lang/Object;Ljava/lang/Object;Ljava/lang/Object;Ljava/lang/Object;Ljava/lang/Object;Ljava/lang/Object;Ljava/lang/Object;Ljava/lan
Event: 0.488 Thread 0x0000003affd8c800 Exception <a 'java/lang/NoSuchMethodError'{0x000000071158d4c0}: java.lang.invoke.DirectMethodHandle$Holder.invokeStatic(Ljava/lang/Object;Ljava/lang/Object;Ljava/lang/Object;Ljava/lang/Object;Ljava/lang/Object;Ljava/lang/Object;Ljava/lang/Object;Ljava/lan
Event: 0.562 Thread 0x0000003affd8c800 Exception <a 'java/lang/NoSuchMethodError'{0x0000000711354928}: java.lang.invoke.DirectMethodHandle$Holder.invokeSpecialIFC(Ljava/lang/Object;Ljava/lang/Object;Ljava/lang/Object;)I> (0x0000000711354928) thrown at [t:/workspace/open/src/hotspot/share/inter
Event: 0.583 Thread 0x0000003affd8c800 Exception <a 'java/lang/NoSuchMethodError'{0x00000007113b1ff8}: java.lang.invoke.DirectMethodHandle$Holder.invokeStatic(Ljava/lang/Object;IIII)Ljava/lang/Object;> (0x00000007113b1ff8) thrown at [t:/workspace/open/src/hotspot/share/interpreter/linkResolver
Event: 0.584 Thread 0x0000003affd8c800 Exception <a 'java/lang/NoSuchMethodError'{0x00000007113b5110}: java.lang.invoke.DirectMethodHandle$Holder.invokeStaticInit(Ljava/lang/Object;IIII)Ljava/lang/Object;> (0x00000007113b5110) thrown at [t:/workspace/open/src/hotspot/share/interpreter/linkReso
Event: 0.621 Thread 0x0000003affd8c800 Exception <a 'java/lang/NoSuchMethodError'{0x00000007113d0d88}: java.lang.invoke.DirectMethodHandle$Holder.invokeStatic(Ljava/lang/Object;Ljava/lang/Object;IIII)Ljava/lang/Object;> (0x00000007113d0d88) thrown at [t:/workspace/open/src/hotspot/share/interp
Event: 0.621 Thread 0x0000003affd8c800 Exception <a 'java/lang/NoSuchMethodError'{0x00000007113d40d0}: java.lang.invoke.DirectMethodHandle$Holder.invokeStaticInit(Ljava/lang/Object;Ljava/lang/Object;IIII)Ljava/lang/Object;> (0x00000007113d40d0) thrown at [t:/workspace/open/src/hotspot/share/in
Event: 0.632 Thread 0x0000003affd8c800 Exception <a 'java/lang/ClassNotFoundException'{0x00000007113f4818}: javax/management/remote/rmi/RMIServerImpl_Skel> (0x00000007113f4818) thrown at [t:/workspace/open/src/hotspot/share/classfile/systemDictionary.cpp, line 231]

Events (10 events):
Event: 0.688 loading class sun/security/provider/PolicyParser$PermissionEntry
Event: 0.689 loading class sun/security/provider/PolicyParser$PermissionEntry done
Event: 0.689 loading class sun/security/util/PropertyExpander
Event: 0.689 loading class sun/security/util/PropertyExpander done
Event: 0.690 loading class java/util/Vector$1
Event: 0.690 loading class java/util/Vector$1 done
Event: 0.691 loading class sun/security/provider/PolicyFile$PolicyEntry
Event: 0.691 loading class sun/security/provider/PolicyFile$PolicyEntry done
Event: 0.691 loading class java/net/URLPermission
Event: 0.691 Executing VM operation: CollectForMetadataAllocation


Dynamic libraries:
0x00007ff7d39a0000 - 0x00007ff7d39e7000 	F:\installers\jdk-11_windows-x64_bin\jdk-11\bin\java.exe
0x00007ffc12210000 - 0x00007ffc123bd000 	C:\Windows\SYSTEM32\ntdll.dll
0x00007ffc10910000 - 0x00007ffc10a4e000 	C:\Windows\system32\KERNEL32.DLL
0x00007ffc0f6d0000 - 0x00007ffc0f7e6000 	C:\Windows\system32\KERNELBASE.dll
0x00007ffc0ffc0000 - 0x00007ffc1006a000 	C:\Windows\system32\ADVAPI32.dll
0x00007ffc10080000 - 0x00007ffc101f7000 	C:\Windows\system32\USER32.dll
0x00007ffc0d020000 - 0x00007ffc0d29b000 	C:\Windows\WinSxS\amd64_microsoft.windows.common-controls_6595b64144ccf1df_6.0.9600.18006_none_623f33d3ecbe86e8\COMCTL32.dll
0x00007ffbfc0c0000 - 0x00007ffbfc0ca000 	C:\Windows\SYSTEM32\VERSION.dll
0x00007ffc10c30000 - 0x00007ffc10cda000 	C:\Windows\system32\msvcrt.dll
0x00007ffc0fa40000 - 0x00007ffc0fa99000 	C:\Windows\SYSTEM32\sechost.dll
0x00007ffc10200000 - 0x00007ffc10340000 	C:\Windows\system32\RPCRT4.dll
0x00007ffc107c0000 - 0x00007ffc1090b000 	C:\Windows\system32\GDI32.dll
0x00007ffc0f410000 - 0x00007ffc0f43e000 	C:\Windows\system32\SspiCli.dll
0x00007ffc10410000 - 0x00007ffc10446000 	C:\Windows\system32\IMM32.DLL
0x00007ffc10a60000 - 0x00007ffc10bb1000 	C:\Windows\system32\MSCTF.dll
0x00007ffbf5220000 - 0x00007ffbf5236000 	F:\installers\jdk-11_windows-x64_bin\jdk-11\bin\vcruntime140.dll
0x00007ffc0b5b0000 - 0x00007ffc0b5b4000 	F:\installers\jdk-11_windows-x64_bin\jdk-11\bin\api-ms-win-crt-runtime-l1-1-0.dll
0x00007ffbfc0a0000 - 0x00007ffbfc0a4000 	F:\installers\jdk-11_windows-x64_bin\jdk-11\bin\api-ms-win-crt-string-l1-1-0.dll
0x00007ffbfbb40000 - 0x00007ffbfbb43000 	F:\installers\jdk-11_windows-x64_bin\jdk-11\bin\api-ms-win-crt-heap-l1-1-0.dll
0x00007ffbf93e0000 - 0x00007ffbf93e4000 	F:\installers\jdk-11_windows-x64_bin\jdk-11\bin\api-ms-win-crt-stdio-l1-1-0.dll
0x00007ffbf5310000 - 0x00007ffbf5314000 	F:\installers\jdk-11_windows-x64_bin\jdk-11\bin\api-ms-win-crt-convert-l1-1-0.dll
0x00007ffbef940000 - 0x00007ffbefa36000 	F:\installers\jdk-11_windows-x64_bin\jdk-11\bin\ucrtbase.DLL
0x00007ffbef890000 - 0x00007ffbef93a000 	F:\installers\jdk-11_windows-x64_bin\jdk-11\bin\msvcp140.dll
0x00007ffbf5210000 - 0x00007ffbf5213000 	F:\installers\jdk-11_windows-x64_bin\jdk-11\bin\api-ms-win-crt-locale-l1-1-0.dll
0x00007ffbf51c0000 - 0x00007ffbf51c5000 	F:\installers\jdk-11_windows-x64_bin\jdk-11\bin\api-ms-win-crt-math-l1-1-0.dll
0x00007ffbf51b0000 - 0x00007ffbf51b5000 	F:\installers\jdk-11_windows-x64_bin\jdk-11\bin\api-ms-win-crt-multibyte-l1-1-0.dll
0x00007ffbf4d30000 - 0x00007ffbf4d33000 	F:\installers\jdk-11_windows-x64_bin\jdk-11\bin\api-ms-win-crt-time-l1-1-0.dll
0x00007ffbf4d20000 - 0x00007ffbf4d23000 	F:\installers\jdk-11_windows-x64_bin\jdk-11\bin\api-ms-win-crt-filesystem-l1-1-0.dll
0x00007ffbf2cb0000 - 0x00007ffbf2cb3000 	F:\installers\jdk-11_windows-x64_bin\jdk-11\bin\api-ms-win-crt-environment-l1-1-0.dll
0x00007ffbf2ca0000 - 0x00007ffbf2ca3000 	F:\installers\jdk-11_windows-x64_bin\jdk-11\bin\api-ms-win-crt-utility-l1-1-0.dll
0x00007ffbebf40000 - 0x00007ffbeca82000 	F:\installers\jdk-11_windows-x64_bin\jdk-11\bin\server\jvm.dll
0x00007ffc0c9c0000 - 0x00007ffc0c9c9000 	C:\Windows\SYSTEM32\WSOCK32.dll
0x00007ffbfc860000 - 0x00007ffbfc882000 	C:\Windows\SYSTEM32\WINMM.dll
0x00007ffc10340000 - 0x00007ffc10347000 	C:\Windows\system32\PSAPI.DLL
0x00007ffc10bd0000 - 0x00007ffc10c2a000 	C:\Windows\system32\WS2_32.dll
0x00007ffbfab80000 - 0x00007ffbfabaa000 	C:\Windows\SYSTEM32\WINMMBASE.dll
0x00007ffc10070000 - 0x00007ffc10079000 	C:\Windows\system32\NSI.dll
0x00007ffc0f620000 - 0x00007ffc0f66f000 	C:\Windows\SYSTEM32\cfgmgr32.dll
0x00007ffc0e1c0000 - 0x00007ffc0e1e8000 	C:\Windows\SYSTEM32\DEVOBJ.dll
0x00007ffbf2c80000 - 0x00007ffbf2c91000 	F:\installers\jdk-11_windows-x64_bin\jdk-11\bin\verify.dll
0x00007ffc09490000 - 0x00007ffc09619000 	C:\Windows\SYSTEM32\DBGHELP.DLL
0x00007ffbf2620000 - 0x00007ffbf2649000 	F:\installers\jdk-11_windows-x64_bin\jdk-11\bin\java.dll
0x00007ffbef7c0000 - 0x00007ffbef7ef000 	F:\installers\jdk-11_windows-x64_bin\jdk-11\bin\instrument.dll
0x00007ffbf1c00000 - 0x00007ffbf1c16000 	F:\installers\jdk-11_windows-x64_bin\jdk-11\bin\zip.dll
0x00007ffbf1bf0000 - 0x00007ffbf1bfa000 	F:\installers\jdk-11_windows-x64_bin\jdk-11\bin\jimage.dll
0x00007ffc10ce0000 - 0x00007ffc1220c000 	C:\Windows\system32\SHELL32.dll
0x00007ffc0faa0000 - 0x00007ffc0fcb2000 	C:\Windows\SYSTEM32\combase.dll
0x00007ffc0fcc0000 - 0x00007ffc0fd14000 	C:\Windows\system32\SHLWAPI.dll
0x00007ffc0d930000 - 0x00007ffc0d9e2000 	C:\Windows\SYSTEM32\SHCORE.dll
0x00007ffc0f340000 - 0x00007ffc0f355000 	C:\Windows\SYSTEM32\profapi.dll
0x00007ffbf1a70000 - 0x00007ffbf1a89000 	F:\installers\jdk-11_windows-x64_bin\jdk-11\bin\net.dll
0x00007ffc03ed0000 - 0x00007ffc03f97000 	C:\Windows\SYSTEM32\WINHTTP.dll
0x00007ffc0eb70000 - 0x00007ffc0ebc9000 	C:\Windows\system32\mswsock.dll
0x00007ffbf1910000 - 0x00007ffbf1923000 	F:\installers\jdk-11_windows-x64_bin\jdk-11\bin\nio.dll
0x00007ffbf1e50000 - 0x00007ffbf1e6a000 	F:\installers\IdeaU\IntelliJ IDEA 2019.1.3\bin\breakgen64.dll
0x00007ffc0e970000 - 0x00007ffc0ea14000 	C:\Windows\SYSTEM32\DNSAPI.dll
0x00007ffc020b0000 - 0x00007ffc020ba000 	C:\Windows\System32\rasadhlp.dll
0x00007ffc0b3a0000 - 0x00007ffc0b40b000 	C:\Windows\System32\fwpuclnt.dll
0x00007ffbf1900000 - 0x00007ffbf1909000 	F:\installers\jdk-11_windows-x64_bin\jdk-11\bin\management.dll
0x00007ffbf18f0000 - 0x00007ffbf18fc000 	F:\installers\jdk-11_windows-x64_bin\jdk-11\bin\management_ext.dll
0x00007ffc0ebd0000 - 0x00007ffc0ebf0000 	C:\Windows\SYSTEM32\CRYPTSP.dll
0x00007ffc0e810000 - 0x00007ffc0e846000 	C:\Windows\system32\rsaenh.dll
0x00007ffc0ee20000 - 0x00007ffc0ee46000 	C:\Windows\SYSTEM32\bcrypt.dll
0x00007ffc0e900000 - 0x00007ffc0e921000 	C:\Windows\SYSTEM32\USERENV.dll
0x00007ffc0f1a0000 - 0x00007ffc0f203000 	C:\Windows\system32\bcryptprimitives.dll
0x00007ffc0f210000 - 0x00007ffc0f21b000 	C:\Windows\SYSTEM32\CRYPTBASE.dll
0x00007ffc0b840000 - 0x00007ffc0b86a000 	C:\Windows\SYSTEM32\IPHLPAPI.DLL
0x00007ffc0b820000 - 0x00007ffc0b82a000 	C:\Windows\SYSTEM32\WINNSI.DLL
0x00007ffc0b370000 - 0x00007ffc0b386000 	C:\Windows\SYSTEM32\dhcpcsvc6.DLL
0x00007ffc0b350000 - 0x00007ffc0b36a000 	C:\Windows\SYSTEM32\dhcpcsvc.DLL
0x00007ffc033a0000 - 0x00007ffc033b5000 	C:\Windows\system32\napinsp.dll
0x00007ffc0b8e0000 - 0x00007ffc0b8fb000 	C:\Windows\system32\NLAapi.dll
0x00007ffc03390000 - 0x00007ffc0339d000 	C:\Windows\System32\winrnr.dll

dbghelp: loaded successfully - version: 4.0.5 - missing functions: none
symbol engine: initialized successfully - sym options: 0x614 - pdb path: .;F:\installers\jdk-11_windows-x64_bin\jdk-11\bin;C:\Windows\SYSTEM32;C:\Windows\WinSxS\amd64_microsoft.windows.common-controls_6595b64144ccf1df_6.0.9600.18006_none_623f33d3ecbe86e8;F:\installers\jdk-11_windows-x64_bin\jdk-11\bin\server;F:\installers\IdeaU\IntelliJ IDEA 2019.1.3\bin

VM Arguments:
jvm_args: -XX:TieredStopAtLevel=1 -Xverify:none -Dspring.output.ansi.enabled=always -Dcom.sun.management.jmxremote -Dspring.jmx.enabled=true -Dspring.liveBeansView.mbeanDomain -Dspring.application.admin.enabled=true -javaagent:F:\installers\IdeaU\IntelliJ IDEA 2019.1.3\lib\idea_rt.jar=58229:F:\installers\IdeaU\IntelliJ IDEA 2019.1.3\bin -Dfile.encoding=UTF-8 
java_command: com.api.TestUser.RealPropertyApplication
java_class_path (initial): F:\CrudAS\realProperty-api\out\production\classes;F:\CrudAS\realProperty-api\out\production\resources;C:\Users\waysport\.gradle\caches\modules-2\files-2.1\org.springframework.boot\spring-boot-starter-data-jpa\2.1.3.RELEASE\3220e72c77dfd71988cab7e03748fe22f54926c6\spring-boot-starter-data-jpa-2.1.3.RELEASE.jar;C:\Users\waysport\.gradle\caches\modules-2\files-2.1\org.springframework.boot\spring-boot-starter-jdbc\2.1.3.RELEASE\d3dda1111d0061659882220bba769b9f67e5a94e\spring-boot-starter-jdbc-2.1.3.RELEASE.jar;C:\Users\waysport\.gradle\caches\modules-2\files-2.1\org.springframework.boot\spring-boot-starter-web\2.1.3.RELEASE\e65a0538c3075a0910e7273a9dbedb189761b1ae\spring-boot-starter-web-2.1.3.RELEASE.jar;C:\Users\waysport\.gradle\caches\modules-2\files-2.1\org.springframework.boot\spring-boot-starter-aop\2.1.3.RELEASE\31a712440dfa221f087357bbc1142fb1eb251ca6\spring-boot-starter-aop-2.1.3.RELEASE.jar;C:\Users\waysport\.gradle\caches\modules-2\files-2.1\javax.transaction\javax.transaction-api\1.3\e006adf5cf3cca2181d16bd640ecb80148ec0fce\javax.transaction-api-1.3.jar;C:\Users\waysport\.gradle\caches\modules-2\files-2.1\org.springframework.boot\spring-boot-devtools\2.1.3.RELEASE\90d61e7266c7e6f1e7788095503d8936ce626790\spring-boot-devtools-2.1.3.RELEASE.jar;C:\Users\waysport\.gradle\caches\modules-2\files-2.1\mysql\mysql-connector-java\8.0.15\1cd928d0f1a93563993ce1d8b468217ea0d19b11\mysql-connector-java-8.0.15.jar;C:\Users\waysport\.gradle\caches\modules-2\files-2.1\javax.xml.bind\jaxb-api\2.3.1\8531ad5ac454cc2deb9d4d32c40c4d7451939b5d\jaxb-api-2.3.1.jar;C:\Users\waysport\.gradle\caches\modules-2\files-2.1\org.hibernate\hibernate-core\5.3.7.Final\f87c5c1bbfc638309824140e68dfaaeb1bb479f3\hibernate-core-5.3.7.Final.jar;C:\Users\waysport\.gradle\caches\modules-2\files-2.1\org.springframework.data\spring-data-jpa\2.1.5.RELEASE\968d63d6fd8bfb0bd878e71427f66351e235c73c\spring-data-jpa-2.1.5.RELEASE.jar;C:\Users\waysport\.gradle\caches\modules-2\files
Launcher Type: SUN_STANDARD

[Global flags]
     bool BytecodeVerificationLocal                = false                                     {product} {command line}
     bool BytecodeVerificationRemote               = false                                     {product} {command line}
     intx CICompilerCount                          = 3                                         {product} {ergonomic}
     uint ConcGCThreads                            = 2                                         {product} {ergonomic}
     uint G1ConcRefinementThreads                  = 6                                         {product} {ergonomic}
   size_t G1HeapRegionSize                         = 1048576                                   {product} {ergonomic}
    uintx GCDrainStackTargetSize                   = 64                                        {product} {ergonomic}
   size_t InitialHeapSize                          = 266338304                                 {product} {ergonomic}
     bool ManagementServer                         = true                                      {product} {command line}
   size_t MarkStackSize                            = 4194304                                   {product} {ergonomic}
   size_t MaxHeapSize                              = 4261412864                                {product} {ergonomic}
   size_t MaxNewSize                               = 2556428288                                {product} {ergonomic}
   size_t MinHeapDeltaBytes                        = 1048576                                   {product} {ergonomic}
    uintx NonNMethodCodeHeapSize                   = 6973028                                {pd product} {ergonomic}
    uintx NonProfiledCodeHeapSize                  = 244685212                              {pd product} {ergonomic}
    uintx ProfiledCodeHeapSize                     = 0                                      {pd product} {ergonomic}
    uintx ReservedCodeCacheSize                    = 251658240                              {pd product} {ergonomic}
     bool SegmentedCodeCache                       = true                                      {product} {ergonomic}
     intx TieredStopAtLevel                        = 1                                         {product} {command line}
     bool UseCompressedClassPointers               = true                                 {lp64_product} {ergonomic}
     bool UseCompressedOops                        = true                                 {lp64_product} {ergonomic}
     bool UseG1GC                                  = true                                      {product} {ergonomic}
     bool UseLargePagesIndividualAllocation        = false                                  {pd product} {ergonomic}

Logging:
Log output configuration:
 #0: stdout all=warning uptime,level,tags
 #1: stderr all=off uptime,level,tags

Environment Variables:
JAVA_HOME=F:\installers\jdk-11_windows-x64_bin\jdk-11
PATH=C:\Users\waysport\AppData\Local\Programs\Python\Python37-32\Scripts\;C:\Users\waysport\AppData\Local\Programs\Python\Python37-32\;C:\Program Files (x86)\Common Files\Oracle\Java\javapath;F:\Python\Anaconda;F:\Python\Anaconda\Library\mingw-w64\bin;F:\Python\Anaconda\Library\usr\bin;F:\Python\Anaconda\Library\bin;F:\Python\Anaconda\Scripts;F:\Python\Python37-32\Scripts\;F:\Python\Python37-32\;F:\Git\cmd;F:\installers\gradle-4.10.2\bin;F:\installers\jdk-11_windows-x64_bin\jdk-11\bin;C:\Program Files\nodejs\;F:\installers\git\Git\cmd;C:\Users\waysport\AppData\Roaming\npm;F:\test-angular\Microsoft VS Code\bin;C:\Program Files (x86)\Common Files\Acronis\TibMounter64
USERNAME=waysport
OS=Windows_NT
PROCESSOR_IDENTIFIER=Intel64 Family 6 Model 158 Stepping 10, GenuineIntel



---------------  S Y S T E M  ---------------

OS: Windows Server 2012 R2 , 64 bit Build 9600 (6.3.9600.17415)

CPU:total 6 (initial active 6) (6 cores per cpu, 1 threads per core) family 6 model 158 stepping 10, cmov, cx8, fxsr, mmx, sse, sse2, sse3, ssse3, sse4.1, sse4.2, popcnt, avx, avx2, aes, clmul, erms, 3dnowpref, lzcnt, tsc, tscinvbit, bmi1, bmi2, adx, fma

Memory: 4k page, system-wide physical 16254M (3130M free)
TotalPageFile size 16254M (AvailPageFile size 9M)
current process WorkingSet (physical memory assigned to process): 61M, peak: 61M
current process commit charge ("private bytes"): 344M, peak: 344M

vm_info: Java HotSpot(TM) 64-Bit Server VM (11+28) for windows-amd64 JRE (11+28), built on Aug 23 2018 03:03:59 by "mach5one" with MS VC++ 15.5 (VS2017)

END.
